<?xml version="1.0" encoding="UTF-8"?>
<!-- Generated by org.testng.reporters.JUnitReportReporter -->
<testsuite skipped="0" hostname="crown-PC" name="testCases.Add_Employee" tests="1" failures="0" timestamp="2021-12-14T15:36:33 IST" time="0.007" errors="0">
  <testcase name="new_Emp" time="0.007" classname="testCases.Add_Employee"/>
  <system-out/>
</testsuite> <!-- testCases.Add_Employee -->
