<?xml version="1.0" encoding="UTF-8"?>
<!-- Generated by org.testng.reporters.JUnitReportReporter -->
<testsuite skipped="0" hostname="crown-PC" name="testCases.Login_Test_Case" tests="4" failures="0" timestamp="2021-12-16T11:01:40 IST" time="2.355" errors="0">
  <testcase name="admin_Login_Valid" time="0.781" classname="testCases.Login_Test_Case"/>
  <system-out/>
  <testcase name="inValiduser" time="0.507" classname="testCases.Login_Test_Case"/>
  <system-out/>
  <testcase name="inValiduser" time="0.675" classname="testCases.Login_Test_Case"/>
  <system-out/>
  <testcase name="inValiduser" time="0.392" classname="testCases.Login_Test_Case"/>
  <system-out/>
</testsuite> <!-- testCases.Login_Test_Case -->
