<?xml version="1.0" encoding="UTF-8"?>
<!-- Generated by org.testng.reporters.JUnitReportReporter -->
<testsuite skipped="0" hostname="crown-PC" name="testCases.Login_Test_Case" tests="4" failures="0" timestamp="2021-12-17T09:36:15 IST" time="2.105" errors="0">
  <testcase name="inValiduser" time="0.424" classname="testCases.Login_Test_Case"/>
  <system-out/>
  <testcase name="inValiduser" time="0.428" classname="testCases.Login_Test_Case"/>
  <system-out/>
  <testcase name="inValiduser" time="0.446" classname="testCases.Login_Test_Case"/>
  <system-out/>
  <testcase name="admin_Login_Valid" time="0.807" classname="testCases.Login_Test_Case"/>
  <system-out/>
</testsuite> <!-- testCases.Login_Test_Case -->
