<?xml version="1.0" encoding="UTF-8"?>
<!-- Generated by org.testng.reporters.JUnitReportReporter -->
<testsuite skipped="0" hostname="crown-PC" name="testCases.Login_valid_user" tests="1" failures="0" timestamp="2021-12-14T12:08:41 IST" time="0.745" errors="0">
  <testcase name="Admin_Login" time="0.745" classname="testCases.Login_valid_user"/>
  <system-out/>
</testsuite> <!-- testCases.Login_valid_user -->
