<?xml version="1.0" encoding="UTF-8"?>
<!-- Generated by org.testng.reporters.JUnitReportReporter -->
<testsuite skipped="0" hostname="crown-PC" name="utilities.Login_As_Admin" tests="1" failures="0" timestamp="2021-12-16T10:36:22 IST" time="0.790" errors="0">
  <testcase name="Adminestater" time="0.790" classname="utilities.Login_As_Admin"/>
  <system-out/>
</testsuite> <!-- utilities.Login_As_Admin -->
