<?xml version="1.0" encoding="UTF-8"?>
<!-- Generated by org.testng.reporters.JUnitReportReporter -->
<testsuite skipped="0" hostname="crown-PC" name="testCases.Login_Test_Case" tests="4" failures="0" timestamp="2021-12-17T17:21:54 IST" time="2.797" errors="0">
  <testcase name="inValiduser" time="0.641" classname="testCases.Login_Test_Case"/>
  <system-out/>
  <testcase name="inValiduser" time="0.540" classname="testCases.Login_Test_Case"/>
  <system-out/>
  <testcase name="admin_Login_Valid" time="0.878" classname="testCases.Login_Test_Case"/>
  <system-out/>
  <testcase name="inValiduser" time="0.738" classname="testCases.Login_Test_Case"/>
  <system-out/>
</testsuite> <!-- testCases.Login_Test_Case -->
